<?xml version="1.0" encoding="UTF-8"?>
<!-- Generated by org.testng.reporters.JUnitXMLReporter -->
<testsuite ignored="0" hostname="DESKTOP-OOH5VV8" failures="0" tests="4" name="Testing2" time="231.423" errors="0" timestamp="04 Oct 2021 12:18:17 GMT">
  <testcase classname="EaseMyTrip.TC2" name="TC38" time="57.414"/>
  <testcase classname="EaseMyTrip.TC2" name="TC39" time="56.824"/>
  <testcase classname="EaseMyTrip.TC2" name="TC40" time="53.362"/>
  <testcase classname="EaseMyTrip.TC2" name="TC53" time="57.464"/>
</testsuite> <!-- Testing2 -->
