<?xml version="1.0" encoding="UTF-8"?>
<testng-results ignored="0" total="12" passed="12" failed="0" skipped="0">
  <reporter-output>
  </reporter-output>
  <suite started-at="2021-10-04T12:12:58Z" name="Suite" finished-at="2021-10-04T12:23:30Z" duration-ms="631352">
    <groups>
    </groups>
    <test started-at="2021-10-04T12:12:58Z" name="Testing1" finished-at="2021-10-04T12:14:26Z" duration-ms="87202">
      <class name="EaseMyTrip.TC1">
        <test-method is-config="true" signature="beforeTest(java.lang.String)[pri:0, instance:EaseMyTrip.TC1@258d79be]" started-at="2021-10-04T12:12:58Z" name="beforeTest" finished-at="2021-10-04T12:13:02Z" duration-ms="3642" status="PASS">
          <params>
            <param index="0">
              <value>
                <![CDATA[chrome]]>
              </value>
            </param>
          </params>
          <reporter-output>
          </reporter-output>
        </test-method> <!-- beforeTest -->
        <test-method signature="TC34()[pri:1, instance:EaseMyTrip.TC1@258d79be]" started-at="2021-10-04T12:13:02Z" name="TC34" description="Multiway Booking upto payment" finished-at="2021-10-04T12:13:57Z" duration-ms="55209" status="PASS">
          <reporter-output>
          </reporter-output>
        </test-method> <!-- TC34 -->
        <test-method signature="TC35()[pri:2, instance:EaseMyTrip.TC1@258d79be]" started-at="2021-10-04T12:13:57Z" name="TC35" description="Source and Destination cities are same" finished-at="2021-10-04T12:14:23Z" duration-ms="25147" status="PASS">
          <reporter-output>
          </reporter-output>
        </test-method> <!-- TC35 -->
        <test-method is-config="true" signature="afterTest()[pri:0, instance:EaseMyTrip.TC1@258d79be]" started-at="2021-10-04T12:14:23Z" name="afterTest" finished-at="2021-10-04T12:14:26Z" duration-ms="3163" status="PASS">
          <reporter-output>
          </reporter-output>
        </test-method> <!-- afterTest -->
      </class> <!-- EaseMyTrip.TC1 -->
    </test> <!-- Testing1 -->
    <test started-at="2021-10-04T12:14:26Z" name="Testing2" finished-at="2021-10-04T12:18:17Z" duration-ms="231423">
      <class name="EaseMyTrip.TC2">
        <test-method is-config="true" signature="beforeTest(java.lang.String)[pri:0, instance:EaseMyTrip.TC2@71329995]" started-at="2021-10-04T12:14:26Z" name="beforeTest" finished-at="2021-10-04T12:14:29Z" duration-ms="3160" status="PASS">
          <params>
            <param index="0">
              <value>
                <![CDATA[chrome]]>
              </value>
            </param>
          </params>
          <reporter-output>
          </reporter-output>
        </test-method> <!-- beforeTest -->
        <test-method signature="TC38()[pri:1, instance:EaseMyTrip.TC2@71329995]" started-at="2021-10-04T12:14:29Z" name="TC38" description="Not Selecting Adult1 title" finished-at="2021-10-04T12:15:26Z" duration-ms="57414" status="PASS">
          <reporter-output>
          </reporter-output>
        </test-method> <!-- TC38 -->
        <test-method signature="TC39()[pri:2, instance:EaseMyTrip.TC2@71329995]" started-at="2021-10-04T12:15:26Z" name="TC39" description="Adult1 first name is required" finished-at="2021-10-04T12:16:23Z" duration-ms="56824" status="PASS">
          <reporter-output>
          </reporter-output>
        </test-method> <!-- TC39 -->
        <test-method signature="TC40()[pri:3, instance:EaseMyTrip.TC2@71329995]" started-at="2021-10-04T12:16:23Z" name="TC40" description="Adult1 last name is required" finished-at="2021-10-04T12:17:17Z" duration-ms="53362" status="PASS">
          <reporter-output>
          </reporter-output>
        </test-method> <!-- TC40 -->
        <test-method signature="TC53()[pri:3, instance:EaseMyTrip.TC2@71329995]" started-at="2021-10-04T12:17:17Z" name="TC53" description="Entering wrong debit card number" finished-at="2021-10-04T12:18:14Z" duration-ms="57464" status="PASS">
          <reporter-output>
          </reporter-output>
        </test-method> <!-- TC53 -->
        <test-method is-config="true" signature="afterTest()[pri:0, instance:EaseMyTrip.TC2@71329995]" started-at="2021-10-04T12:18:14Z" name="afterTest" finished-at="2021-10-04T12:18:17Z" duration-ms="3184" status="PASS">
          <reporter-output>
          </reporter-output>
        </test-method> <!-- afterTest -->
      </class> <!-- EaseMyTrip.TC2 -->
    </test> <!-- Testing2 -->
    <test started-at="2021-10-04T12:18:17Z" name="Testing3" finished-at="2021-10-04T12:19:56Z" duration-ms="99290">
      <class name="EaseMyTrip.TC3">
        <test-method is-config="true" signature="beforeTest(java.lang.String)[pri:0, instance:EaseMyTrip.TC3@59e505b2]" started-at="2021-10-04T12:18:17Z" name="beforeTest" finished-at="2021-10-04T12:18:20Z" duration-ms="2468" status="PASS">
          <params>
            <param index="0">
              <value>
                <![CDATA[chrome]]>
              </value>
            </param>
          </params>
          <reporter-output>
          </reporter-output>
        </test-method> <!-- beforeTest -->
        <test-method signature="TC41()[pri:1, instance:EaseMyTrip.TC3@59e505b2]" started-at="2021-10-04T12:18:20Z" name="TC41" description="Invalid phone number" finished-at="2021-10-04T12:19:21Z" duration-ms="61393" status="PASS">
          <reporter-output>
          </reporter-output>
        </test-method> <!-- TC41 -->
        <test-method signature="TC42()[pri:2, instance:EaseMyTrip.TC3@59e505b2]" started-at="2021-10-04T12:19:21Z" name="TC42" description="Booking a Flight without Source " finished-at="2021-10-04T12:19:53Z" duration-ms="32316" status="PASS">
          <reporter-output>
          </reporter-output>
        </test-method> <!-- TC42 -->
        <test-method is-config="true" signature="afterTest()[pri:0, instance:EaseMyTrip.TC3@59e505b2]" started-at="2021-10-04T12:19:53Z" name="afterTest" finished-at="2021-10-04T12:19:56Z" duration-ms="3108" status="PASS">
          <reporter-output>
          </reporter-output>
        </test-method> <!-- afterTest -->
      </class> <!-- EaseMyTrip.TC3 -->
    </test> <!-- Testing3 -->
    <test started-at="2021-10-04T12:19:56Z" name="Testing4" finished-at="2021-10-04T12:21:04Z" duration-ms="67448">
      <class name="EaseMyTrip.TC4">
        <test-method is-config="true" signature="beforeTest(java.lang.String)[pri:0, instance:EaseMyTrip.TC4@45a37759]" started-at="2021-10-04T12:19:56Z" name="beforeTest" finished-at="2021-10-04T12:19:59Z" duration-ms="2655" status="PASS">
          <params>
            <param index="0">
              <value>
                <![CDATA[chrome]]>
              </value>
            </param>
          </params>
          <reporter-output>
          </reporter-output>
        </test-method> <!-- beforeTest -->
        <test-method signature="TC52()[pri:1, instance:EaseMyTrip.TC4@45a37759]" started-at="2021-10-04T12:19:59Z" name="TC52" description="For Successful payment" finished-at="2021-10-04T12:21:01Z" duration-ms="61645" status="PASS">
          <reporter-output>
          </reporter-output>
        </test-method> <!-- TC52 -->
        <test-method is-config="true" signature="afterTest()[pri:0, instance:EaseMyTrip.TC4@45a37759]" started-at="2021-10-04T12:21:01Z" name="afterTest" finished-at="2021-10-04T12:21:04Z" duration-ms="3146" status="PASS">
          <reporter-output>
          </reporter-output>
        </test-method> <!-- afterTest -->
      </class> <!-- EaseMyTrip.TC4 -->
    </test> <!-- Testing4 -->
    <test started-at="2021-10-04T12:21:04Z" name="Testing5" finished-at="2021-10-04T12:21:31Z" duration-ms="27461">
      <class name="EaseMyTrip.DataDrivenTesting1">
        <test-method is-config="true" signature="beforeTest()[pri:0, instance:EaseMyTrip.DataDrivenTesting1@38604b81]" started-at="2021-10-04T12:21:04Z" name="beforeTest" finished-at="2021-10-04T12:21:11Z" duration-ms="7344" status="PASS">
          <reporter-output>
          </reporter-output>
        </test-method> <!-- beforeTest -->
        <test-method signature="TC43(java.lang.String, java.lang.String)[pri:0, instance:EaseMyTrip.DataDrivenTesting1@38604b81]" started-at="2021-10-04T12:21:12Z" name="TC43" description="Booking a Flight without Source " data-provider="dp" finished-at="2021-10-04T12:21:28Z" duration-ms="16211" status="PASS">
          <params>
            <param index="0">
              <value>
                <![CDATA[bangalore]]>
              </value>
            </param>
            <param index="1">
              <value>
                <![CDATA[mumbai]]>
              </value>
            </param>
          </params>
          <reporter-output>
          </reporter-output>
        </test-method> <!-- TC43 -->
        <test-method is-config="true" signature="afterTest()[pri:0, instance:EaseMyTrip.DataDrivenTesting1@38604b81]" started-at="2021-10-04T12:21:28Z" name="afterTest" finished-at="2021-10-04T12:21:31Z" duration-ms="2961" status="PASS">
          <reporter-output>
          </reporter-output>
        </test-method> <!-- afterTest -->
      </class> <!-- EaseMyTrip.DataDrivenTesting1 -->
    </test> <!-- Testing5 -->
    <test started-at="2021-10-04T12:21:31Z" name="Testing6" finished-at="2021-10-04T12:23:30Z" duration-ms="118423">
      <class name="EaseMyTrip.PropertyExample1">
        <test-method is-config="true" signature="beforeTest()[pri:0, instance:EaseMyTrip.PropertyExample1@457c9034]" started-at="2021-10-04T12:21:31Z" name="beforeTest" finished-at="2021-10-04T12:21:34Z" duration-ms="3005" status="PASS">
          <reporter-output>
          </reporter-output>
        </test-method> <!-- beforeTest -->
        <test-method signature="TC36()[pri:1, instance:EaseMyTrip.PropertyExample1@457c9034]" started-at="2021-10-04T12:21:34Z" name="TC36" description="Invalid Mail Id" finished-at="2021-10-04T12:22:26Z" duration-ms="51921" status="PASS">
          <reporter-output>
          </reporter-output>
        </test-method> <!-- TC36 -->
        <test-method signature="TC37()[pri:2, instance:EaseMyTrip.PropertyExample1@457c9034]" started-at="2021-10-04T12:22:26Z" name="TC37" description="Invalid Coupon" finished-at="2021-10-04T12:23:26Z" duration-ms="59404" status="PASS">
          <reporter-output>
          </reporter-output>
        </test-method> <!-- TC37 -->
        <test-method is-config="true" signature="afterTest()[pri:0, instance:EaseMyTrip.PropertyExample1@457c9034]" started-at="2021-10-04T12:23:26Z" name="afterTest" finished-at="2021-10-04T12:23:30Z" duration-ms="4089" status="PASS">
          <reporter-output>
          </reporter-output>
        </test-method> <!-- afterTest -->
      </class> <!-- EaseMyTrip.PropertyExample1 -->
    </test> <!-- Testing6 -->
  </suite> <!-- Suite -->
</testng-results>
